Using pre-set license
Built from '2020.3/staging' branch; Version is '2020.3.25f1 (9b9180224418) revision 10195328'; Using compiler version '192528614'; Build Type 'Release'
OS: 'Windows 10  (10.0.19043) 64bit Core' Language: 'en' Physical Memory: 16313 MB
BatchMode: 1, IsHumanControllingUs: 0, StartBugReporterOnCrash: 0, Is64bit: 1, IsPro: 0

COMMAND LINE ARGUMENTS:
F:\Unity\2020.3.25f1\Editor\Unity.exe
-adb2
-batchMode
-noUpm
-name
AssetImportWorker0
-projectPath
F:/Github/CafesAndWitches/cafesandwitches
-logFile
Logs/AssetImportWorker0.log
-srvPort
62160
Successfully changed project path to: F:/Github/CafesAndWitches/cafesandwitches
F:/Github/CafesAndWitches/cafesandwitches
Using Asset Import Pipeline V2.
Refreshing native plugins compatible for Editor in 50.84 ms, found 3 plugins.
Preloading 0 native plugins for Editor in 0.00 ms.
Initialize engine version: 2020.3.25f1 (9b9180224418)
[Subsystems] Discovering subsystems at path F:/Unity/2020.3.25f1/Editor/Data/Resources/UnitySubsystems
[Subsystems] Discovering subsystems at path F:/Github/CafesAndWitches/cafesandwitches/Assets
GfxDevice: creating device client; threaded=0
Direct3D:
    Version:  Direct3D 11.0 [level 11.1]
    Renderer: NVIDIA GeForce RTX 3060 (ID=0x2504)
    Vendor:   
    VRAM:     12143 MB
    Driver:   30.0.14.7288
Initialize mono
Mono path[0] = 'F:/Unity/2020.3.25f1/Editor/Data/Managed'
Mono path[1] = 'F:/Unity/2020.3.25f1/Editor/Data/MonoBleedingEdge/lib/mono/unityjit'
Mono config path = 'F:/Unity/2020.3.25f1/Editor/Data/MonoBleedingEdge/etc'
Using monoOptions --debugger-agent=transport=dt_socket,embedding=1,server=y,suspend=n,address=127.0.0.1:56408
Begin MonoManager ReloadAssembly
Registering precompiled unity dll's ...
Register platform support module: F:/Unity/2020.3.25f1/Editor/Data/PlaybackEngines/WebGLSupport/UnityEditor.WebGL.Extensions.dll
Register platform support module: F:/Unity/2020.3.25f1/Editor/Data/PlaybackEngines/WindowsStandaloneSupport/UnityEditor.WindowsStandalone.Extensions.dll
Registered in 0.001391 seconds.
Native extension for WindowsStandalone target not found
Native extension for WebGL target not found
Refreshing native plugins compatible for Editor in 52.08 ms, found 3 plugins.
Preloading 0 native plugins for Editor in 0.00 ms.
Mono: successfully reloaded assembly
- Completed reload, in  0.628 seconds
Domain Reload Profiling:
	ReloadAssembly (628ms)
		BeginReloadAssembly (56ms)
			ExecutionOrderSort (0ms)
			DisableScriptedObjects (0ms)
			BackupInstance (0ms)
			ReleaseScriptingObjects (0ms)
			CreateAndSetChildDomain (1ms)
		EndReloadAssembly (497ms)
			LoadAssemblies (56ms)
			RebuildTransferFunctionScriptingTraits (0ms)
			SetupTypeCache (163ms)
			ReleaseScriptCaches (0ms)
			RebuildScriptCaches (32ms)
			SetupLoadedEditorAssemblies (193ms)
				LogAssemblyErrors (0ms)
				InitializePlatformSupportModulesInManaged (6ms)
				SetLoadedEditorAssemblies (0ms)
				RefreshPlugins (52ms)
				BeforeProcessingInitializeOnLoad (9ms)
				ProcessInitializeOnLoadAttributes (93ms)
				ProcessInitializeOnLoadMethodAttributes (32ms)
				AfterProcessingInitializeOnLoad (0ms)
				EditorAssembliesLoaded (0ms)
			ExecutionOrderSort2 (0ms)
			AwakeInstancesAfterBackupRestoration (0ms)
Platform modules already initialized, skipping
Registering precompiled user dll's ...
Registered in 0.003690 seconds.
Begin MonoManager ReloadAssembly
Native extension for WindowsStandalone target not found
Native extension for WebGL target not found
Refreshing native plugins compatible for Editor in 51.52 ms, found 3 plugins.
Preloading 0 native plugins for Editor in 0.00 ms.
Mono: successfully reloaded assembly
- Completed reload, in  1.213 seconds
Domain Reload Profiling:
	ReloadAssembly (1214ms)
		BeginReloadAssembly (161ms)
			ExecutionOrderSort (0ms)
			DisableScriptedObjects (7ms)
			BackupInstance (0ms)
			ReleaseScriptingObjects (0ms)
			CreateAndSetChildDomain (19ms)
		EndReloadAssembly (986ms)
			LoadAssemblies (102ms)
			RebuildTransferFunctionScriptingTraits (0ms)
			SetupTypeCache (332ms)
			ReleaseScriptCaches (0ms)
			RebuildScriptCaches (50ms)
			SetupLoadedEditorAssemblies (367ms)
				LogAssemblyErrors (0ms)
				InitializePlatformSupportModulesInManaged (4ms)
				SetLoadedEditorAssemblies (0ms)
				RefreshPlugins (52ms)
				BeforeProcessingInitializeOnLoad (67ms)
				ProcessInitializeOnLoadAttributes (222ms)
				ProcessInitializeOnLoadMethodAttributes (20ms)
				AfterProcessingInitializeOnLoad (3ms)
				EditorAssembliesLoaded (0ms)
			ExecutionOrderSort2 (0ms)
			AwakeInstancesAfterBackupRestoration (8ms)
Platform modules already initialized, skipping
========================================================================
Worker process is ready to serve import requests
Launched and connected shader compiler UnityShaderCompiler.exe after 0.06 seconds
Refreshing native plugins compatible for Editor in 0.50 ms, found 3 plugins.
Preloading 0 native plugins for Editor in 0.00 ms.
Unloading 2199 Unused Serialized files (Serialized files now loaded: 0)
System memory in use before: 96.0 MB.
System memory in use after: 96.1 MB.

Unloading 28 unused Assets to reduce memory usage. Loaded Objects now: 2633.
Total: 3.488000 ms (FindLiveObjects: 0.225800 ms CreateObjectMapping: 0.061000 ms MarkObjects: 3.136400 ms  DeleteObjects: 0.063300 ms)

AssetImportParameters requested are different than current active one (requested -> active):
  custom:framework-win-MediaFoundation: 216162199b28c13a410421893ffa2e32 -> 
  custom:video-decoder-ogg-theora: a1e56fd34408186e4bbccfd4996cb3dc -> 
  custom:container-muxer-webm: aa71ff27fc2769a1b78a27578f13a17b -> 
  custom:container-demuxer-webm: 4f35f7cbe854078d1ac9338744f61a02 -> 
  custom:container-demuxer-ogg: 62fdf1f143b41e24485cea50d1cbac27 -> 
  custom:video-encoder-webm-vp8: eb34c28f22e8b96e1ab97ce403110664 -> 
  custom:video-decoder-webm-vp8: 9c59270c3fd7afecdb556c50c9e8de78 -> 
  custom:audio-decoder-ogg-vorbis: bf7c407c2cedff20999df2af8eb42d56 -> 
  custom:audio-encoder-webm-vorbis: bf7c407c2cedff20999df2af8eb42d56 -> 
========================================================================
Received Import Request.
  path: Assets/Prefabs/RB.prefab
  artifactKey: Guid(3c06979863392994784eac8200fa89fd) Importer(815301076,1909f56bfc062723c751e8b465ee728b)
Start importing Assets/Prefabs/RB.prefab using Guid(3c06979863392994784eac8200fa89fd) Importer(815301076,1909f56bfc062723c751e8b465ee728b)  -> (artifact id: '255d6af52711819d99604d4f1ab9d3c2') in 0.125894 seconds 
  Import took 0.130540 seconds .

========================================================================
Received Import Request.
  Time since last request: 0.000301 seconds.
  path: Assets/Prefabs/LD.prefab
  artifactKey: Guid(0f3466861291c1b4b9cad36702da9202) Importer(815301076,1909f56bfc062723c751e8b465ee728b)
Start importing Assets/Prefabs/LD.prefab using Guid(0f3466861291c1b4b9cad36702da9202) Importer(815301076,1909f56bfc062723c751e8b465ee728b)  -> (artifact id: '8f2381756b428cead6890a0035450ca4') in 0.031644 seconds 
  Import took 0.036351 seconds .

========================================================================
Received Import Request.
  Time since last request: 0.000185 seconds.
  path: Assets/Prefabs/SP_U.prefab
  artifactKey: Guid(7e8fdd42ee4b6ba4e97a0d75a46894a6) Importer(815301076,1909f56bfc062723c751e8b465ee728b)
Start importing Assets/Prefabs/SP_U.prefab using Guid(7e8fdd42ee4b6ba4e97a0d75a46894a6) Importer(815301076,1909f56bfc062723c751e8b465ee728b)  -> (artifact id: 'f03f7fa689d85da179d728f0375088a3') in 0.010949 seconds 
  Import took 0.014283 seconds .

========================================================================
Received Import Request.
  Time since last request: 0.000181 seconds.
  path: Assets/Prefabs/L.prefab
  artifactKey: Guid(f97e57e58b990a642bd4836d63c80288) Importer(815301076,1909f56bfc062723c751e8b465ee728b)
Start importing Assets/Prefabs/L.prefab using Guid(f97e57e58b990a642bd4836d63c80288) Importer(815301076,1909f56bfc062723c751e8b465ee728b)  -> (artifact id: 'fa897745cd58c124c8a4b6bf5e1da0b3') in 0.020366 seconds 
  Import took 0.024029 seconds .

========================================================================
Received Import Request.
  Time since last request: 0.000184 seconds.
  path: Assets/Prefabs/UR.prefab
  artifactKey: Guid(c4445cef3c74792428d9dc1db3d11c25) Importer(815301076,1909f56bfc062723c751e8b465ee728b)
Start importing Assets/Prefabs/UR.prefab using Guid(c4445cef3c74792428d9dc1db3d11c25) Importer(815301076,1909f56bfc062723c751e8b465ee728b)  -> (artifact id: '279bb73ab6da2e61f8a8c13b2f684850') in 0.018898 seconds 
  Import took 0.022746 seconds .

========================================================================
Received Import Request.
  Time since last request: 0.000196 seconds.
  path: Assets/Prefabs/D.prefab
  artifactKey: Guid(194b2271faff38049bfa1e4a2d85ca6f) Importer(815301076,1909f56bfc062723c751e8b465ee728b)
Start importing Assets/Prefabs/D.prefab using Guid(194b2271faff38049bfa1e4a2d85ca6f) Importer(815301076,1909f56bfc062723c751e8b465ee728b)  -> (artifact id: '06dbeb96c2cb8ef31b58c73f0f1ddd13') in 0.017233 seconds 
  Import took 0.021145 seconds .

========================================================================
Received Import Request.
  Time since last request: 0.000283 seconds.
  path: Assets/Prefabs/SP_R.prefab
  artifactKey: Guid(5f41ecee8c1f16844b520845064b701a) Importer(815301076,1909f56bfc062723c751e8b465ee728b)
Start importing Assets/Prefabs/SP_R.prefab using Guid(5f41ecee8c1f16844b520845064b701a) Importer(815301076,1909f56bfc062723c751e8b465ee728b)  -> (artifact id: '09fd3e0e6fdbde76c7a94fdcaff41fbe') in 0.007641 seconds 
  Import took 0.011432 seconds .

========================================================================
Received Import Request.
  Time since last request: 0.000262 seconds.
  path: Assets/Prefabs/LR.prefab
  artifactKey: Guid(bb2696cf51c13be4783da82fef8c21b4) Importer(815301076,1909f56bfc062723c751e8b465ee728b)
Start importing Assets/Prefabs/LR.prefab using Guid(bb2696cf51c13be4783da82fef8c21b4) Importer(815301076,1909f56bfc062723c751e8b465ee728b)  -> (artifact id: '563099e1e8ef9f60fbd190135187f129') in 0.021635 seconds 
  Import took 0.025431 seconds .

========================================================================
Received Import Request.
  Time since last request: 0.000197 seconds.
  path: Assets/Prefabs/SP_C.prefab
  artifactKey: Guid(f916f84472917214fa6f5214dea90b3d) Importer(815301076,1909f56bfc062723c751e8b465ee728b)
Start importing Assets/Prefabs/SP_C.prefab using Guid(f916f84472917214fa6f5214dea90b3d) Importer(815301076,1909f56bfc062723c751e8b465ee728b)  -> (artifact id: 'db33fcef4ec051bc7abe8012131126ee') in 0.007694 seconds 
  Import took 0.011264 seconds .

========================================================================
Received Import Request.
  Time since last request: 0.000179 seconds.
  path: Assets/Prefabs/SP_L.prefab
  artifactKey: Guid(32435e11e47b9d244bac074d62b6f4ed) Importer(815301076,1909f56bfc062723c751e8b465ee728b)
Start importing Assets/Prefabs/SP_L.prefab using Guid(32435e11e47b9d244bac074d62b6f4ed) Importer(815301076,1909f56bfc062723c751e8b465ee728b)  -> (artifact id: '99f9bba4af8a5ab8cc410aa789dbe7ac') in 0.007578 seconds 
  Import took 0.010949 seconds .

========================================================================
Received Import Request.
  Time since last request: 0.000268 seconds.
  path: Assets/Prefabs/LURD.prefab
  artifactKey: Guid(e11cac96ccb9b864187cc50b84e23f39) Importer(815301076,1909f56bfc062723c751e8b465ee728b)
Start importing Assets/Prefabs/LURD.prefab using Guid(e11cac96ccb9b864187cc50b84e23f39) Importer(815301076,1909f56bfc062723c751e8b465ee728b)  -> (artifact id: '8599959549ec48a486493a21cb06b3b8') in 0.021523 seconds 
  Import took 0.025422 seconds .

========================================================================
Received Import Request.
  Time since last request: 0.000234 seconds.
  path: Assets/Prefabs/SP_D.prefab
  artifactKey: Guid(a6c15ebcf4ea2dc4c92f32f9365c34b8) Importer(815301076,1909f56bfc062723c751e8b465ee728b)
Start importing Assets/Prefabs/SP_D.prefab using Guid(a6c15ebcf4ea2dc4c92f32f9365c34b8) Importer(815301076,1909f56bfc062723c751e8b465ee728b)  -> (artifact id: '4aba390521af2b022c8fb15f6bb8eb54') in 0.008376 seconds 
  Import took 0.011652 seconds .

========================================================================
Received Import Request.
  Time since last request: 0.000183 seconds.
  path: Assets/Prefabs/UD.prefab
  artifactKey: Guid(009ca0144b32dba4593c9cf1e62d272d) Importer(815301076,1909f56bfc062723c751e8b465ee728b)
Start importing Assets/Prefabs/UD.prefab using Guid(009ca0144b32dba4593c9cf1e62d272d) Importer(815301076,1909f56bfc062723c751e8b465ee728b)  -> (artifact id: 'bd6394c0801f1afa60b9a524afc0db94') in 0.017660 seconds 
  Import took 0.020978 seconds .

========================================================================
Received Import Request.
  Time since last request: 0.000172 seconds.
  path: Assets/Prefabs/URD.prefab
  artifactKey: Guid(f8897a782edec8b4f975b0ed3d955bc3) Importer(815301076,1909f56bfc062723c751e8b465ee728b)
Start importing Assets/Prefabs/URD.prefab using Guid(f8897a782edec8b4f975b0ed3d955bc3) Importer(815301076,1909f56bfc062723c751e8b465ee728b)  -> (artifact id: '7f8fdcb984e6c0609a1b0ae147825fb9') in 0.016469 seconds 
  Import took 0.019945 seconds .

========================================================================
Received Import Request.
  Time since last request: 0.000210 seconds.
  path: Assets/Prefabs/U.prefab
  artifactKey: Guid(f07a981639317cd48aed12d53846399f) Importer(815301076,1909f56bfc062723c751e8b465ee728b)
Start importing Assets/Prefabs/U.prefab using Guid(f07a981639317cd48aed12d53846399f) Importer(815301076,1909f56bfc062723c751e8b465ee728b)  -> (artifact id: 'c0048346cf610dfa31188aa2210cef69') in 0.018825 seconds 
  Import took 0.022813 seconds .

========================================================================
Received Import Request.
  Time since last request: 0.000193 seconds.
  path: Assets/Prefabs/LU.prefab
  artifactKey: Guid(b5a54b16153c3b343856a8b95d722f55) Importer(815301076,1909f56bfc062723c751e8b465ee728b)
Start importing Assets/Prefabs/LU.prefab using Guid(b5a54b16153c3b343856a8b95d722f55) Importer(815301076,1909f56bfc062723c751e8b465ee728b)  -> (artifact id: '885f2f2b30b1b88102679c130996faf0') in 0.022265 seconds 
  Import took 0.026115 seconds .

========================================================================
Received Import Request.
  Time since last request: 0.000163 seconds.
  path: Assets/Prefabs/LUR.prefab
  artifactKey: Guid(605d6b6360c453e488a055acfec814c5) Importer(815301076,1909f56bfc062723c751e8b465ee728b)
Start importing Assets/Prefabs/LUR.prefab using Guid(605d6b6360c453e488a055acfec814c5) Importer(815301076,1909f56bfc062723c751e8b465ee728b)  -> (artifact id: '0f06633d3e7402e592ebf1e893ba4e9a') in 0.017337 seconds 
  Import took 0.020708 seconds .

========================================================================
Received Import Request.
  Time since last request: 0.000189 seconds.
  path: Assets/Prefabs/LRD.prefab
  artifactKey: Guid(749e12a4557e26540b574c11af4f4583) Importer(815301076,1909f56bfc062723c751e8b465ee728b)
Start importing Assets/Prefabs/LRD.prefab using Guid(749e12a4557e26540b574c11af4f4583) Importer(815301076,1909f56bfc062723c751e8b465ee728b)  -> (artifact id: 'd62a565fe1e1af4bfcf1689f9d21b74d') in 0.020173 seconds 
  Import took 0.023680 seconds .

========================================================================
Received Import Request.
  Time since last request: 0.000156 seconds.
  path: Assets/Prefabs/R.prefab
  artifactKey: Guid(99b834b4458f6d8418a2c0fd4eb08ac0) Importer(815301076,1909f56bfc062723c751e8b465ee728b)
Start importing Assets/Prefabs/R.prefab using Guid(99b834b4458f6d8418a2c0fd4eb08ac0) Importer(815301076,1909f56bfc062723c751e8b465ee728b)  -> (artifact id: '378d9b4ad368fb29ad9c9a6710e04249') in 0.019455 seconds 
  Import took 0.022836 seconds .

========================================================================
Received Import Request.
  Time since last request: 0.000191 seconds.
  path: Assets/Prefabs/LUD.prefab
  artifactKey: Guid(0e6a452caa505484e8e24b5f402bd24b) Importer(815301076,1909f56bfc062723c751e8b465ee728b)
Start importing Assets/Prefabs/LUD.prefab using Guid(0e6a452caa505484e8e24b5f402bd24b) Importer(815301076,1909f56bfc062723c751e8b465ee728b)  -> (artifact id: '160d87885df823ee75561e97c4a23c96') in 0.019404 seconds 
  Import took 0.023958 seconds .

